<?xml version="1.0" encoding="UTF-8"?>
<!-- Generated by org.testng.reporters.JUnitXMLReporter -->
<testsuite ignored="1" hostname="DESKTOP-7VNQR76" failures="0" tests="3" name="Car Loan" time="0.022" errors="0" timestamp="2023-05-31T11:08:03 EDT">
  <testcase classname="org.example.CarLoanLogin" name="LoginApiCarlogin" time="0.001"/>
  <testcase classname="org.example.CarLoanLogin" name="MobileLogincarLoan" time="0.0"/>
  <testcase classname="org.example.CarLoanLogin" name="MobilePasswordCar" time="0.001"/>
  <testcase classname="org.example.CarLoanLogin" name="WebloginCarLoan" time="0.0">
    <ignored/>
  </testcase> <!-- WebloginCarLoan -->
</testsuite> <!-- Car Loan -->
