<?xml version="1.0" encoding="UTF-8"?>
<!-- Generated by org.testng.reporters.JUnitXMLReporter -->
<testsuite ignored="1" hostname="DESKTOP-7VNQR76" failures="0" tests="9" name="Personal Loan" time="0.04" errors="0" timestamp="2023-05-31T11:08:03 EDT">
  <testcase classname="org.example.Basics" name="Demo" time="0.001"/>
  <testcase classname="org.example.Basics" name="mobileLogout" time="0.001"/>
  <testcase classname="org.example.Basics" name="mobileLogout" time="0.0"/>
  <testcase classname="org.example.Basics" name="mobileLogout" time="0.0"/>
  <testcase classname="org.example.Basics" name="regularTest" time="0.001"/>
  <testcase classname="org.example.HomeLoan" name="LoginApiHomelogin" time="0.001"/>
  <testcase classname="org.example.HomeLoan" name="MobileLoginHomeLoan" time="0.0"/>
  <testcase classname="org.example.HomeLoan" name="WebloginHomeLoan" time="0.001"/>
  <testcase classname="org.example.Basics" name="secondTest" time="0.0"/>
  <testcase classname="org.example.Basics" name="Zebra" time="0.0">
    <ignored/>
  </testcase> <!-- Zebra -->
</testsuite> <!-- Personal Loan -->
